[debug] [2024-11-26T18:47:25.580Z] ----------------------------------------------------------------------
[debug] [2024-11-26T18:47:25.583Z] Command:       C:\Program Files\nodejs\node.exe C:\Users\pannu\AppData\Roaming\npm\node_modules\firebase-tools\lib\bin\firebase.js init
[debug] [2024-11-26T18:47:25.583Z] CLI Version:   13.27.0
[debug] [2024-11-26T18:47:25.583Z] Platform:      win32
[debug] [2024-11-26T18:47:25.583Z] Node Version:  v20.17.0
[debug] [2024-11-26T18:47:25.583Z] Time:          Tue Nov 26 2024 10:47:25 GMT-0800 (Pacific Standard Time)
[debug] [2024-11-26T18:47:25.583Z] ----------------------------------------------------------------------
[debug] 
[debug] [2024-11-26T18:47:25.589Z] > command requires scopes: ["email","openid","https://www.googleapis.com/auth/cloudplatformprojects.readonly","https://www.googleapis.com/auth/firebase","https://www.googleapis.com/auth/cloud-platform"]
[debug] [2024-11-26T18:47:25.589Z] > authorizing via signed-in user (pannug598@gmail.com)
[info] 
     ######## #### ########  ######## ########     ###     ######  ########
     ##        ##  ##     ## ##       ##     ##  ##   ##  ##       ##
     ######    ##  ########  ######   ########  #########  ######  ######
     ##        ##  ##    ##  ##       ##     ## ##     ##       ## ##
     ##       #### ##     ## ######## ########  ##     ##  ######  ########

You're about to initialize a Firebase project in this directory:

  C:\Users\pannu\Desktop\BCIT\Term 1\COMP 1800\myhike_pannu_gurman

[info] 
=== Project Setup
[info] 
[info] First, let's associate this project directory with a Firebase project.
[info] You can create multiple project aliases by running firebase use --add, 
[info] but for now we'll just set up a default project.
[info] 
[debug] [2024-11-26T18:49:17.288Z] Checked if tokens are valid: true, expires at: 1732650372521
[debug] [2024-11-26T18:49:17.288Z] Checked if tokens are valid: true, expires at: 1732650372521
[debug] [2024-11-26T18:49:17.290Z] >>> [apiv2][query] GET https://firebase.googleapis.com/v1beta1/projects pageSize=100
[debug] [2024-11-26T18:49:17.631Z] <<< [apiv2][status] GET https://firebase.googleapis.com/v1beta1/projects 200
[debug] [2024-11-26T18:49:17.631Z] <<< [apiv2][body] GET https://firebase.googleapis.com/v1beta1/projects [omitted]
